# JRE version: Java(TM) SE Runtime Environment (8.0_202-b08) (build 1.8.0_202-b08)
# Java VM: Java HotSpot(TM) 64-Bit Server VM (25.202-b08 mixed mode windows-amd64 compressed oops)
Heap:
 PSYoungGen      total 123904K, used 81037K [0x00000000d6b00000, 0x00000000dee00000, 0x0000000100000000)
  eden space 114688K, 69% used [0x00000000d6b00000,0x00000000db953670,0x00000000ddb00000)
  from space 9216K, 9% used [0x00000000de480000,0x00000000de550000,0x00000000ded80000)
  to   space 9728K, 0% used [0x00000000ddb00000,0x00000000ddb00000,0x00000000de480000)
 ParOldGen       total 40448K, used 20579K [0x0000000084000000, 0x0000000086780000, 0x00000000d6b00000)
  object space 40448K, 50% used [0x0000000084000000,0x0000000085418e28,0x0000000086780000)
 Metaspace       used 27008K, capacity 28092K, committed 28288K, reserved 1073152K
  class space    used 3498K, capacity 3862K, committed 3968K, reserved 1048576K
GC Heap History (10 events):
Event: 18.565 GC heap before
{Heap before GC invocations=11 (full 1):
 PSYoungGen      total 38400K, used 33196K [0x00000000d6b00000, 0x00000000da980000, 0x0000000100000000)
  eden space 30208K, 100% used [0x00000000d6b00000,0x00000000d8880000,0x00000000d8880000)
  from space 8192K, 36% used [0x00000000d8880000,0x00000000d8b6b208,0x00000000d9080000)
  to   space 8704K, 0% used [0x00000000da100000,0x00000000da100000,0x00000000da980000)
 ParOldGen       total 40448K, used 7385K [0x0000000084000000, 0x0000000086780000, 0x00000000d6b00000)
  object space 40448K, 18% used [0x0000000084000000,0x00000000847365f0,0x0000000086780000)
 Metaspace       used 26767K, capacity 27792K, committed 27904K, reserved 1073152K
  class space    used 3491K, capacity 3828K, committed 3840K, reserved 1048576K
Event: 18.569 GC heap after
Heap after GC invocations=11 (full 1):
 PSYoungGen      total 55296K, used 4785K [0x00000000d6b00000, 0x00000000da900000, 0x0000000100000000)
  eden space 47104K, 0% used [0x00000000d6b00000,0x00000000d6b00000,0x00000000d9900000)
  from space 8192K, 58% used [0x00000000da100000,0x00000000da5ac5d8,0x00000000da900000)
  to   space 8192K, 0% used [0x00000000d9900000,0x00000000d9900000,0x00000000da100000)
 ParOldGen       total 40448K, used 8034K [0x0000000084000000, 0x0000000086780000, 0x00000000d6b00000)
  object space 40448K, 19% used [0x0000000084000000,0x00000000847d8920,0x0000000086780000)
 Metaspace       used 26767K, capacity 27792K, committed 27904K, reserved 1073152K
  class space    used 3491K, capacity 3828K, committed 3840K, reserved 1048576K
}
Event: 18.722 GC heap before
{Heap before GC invocations=12 (full 1):
 PSYoungGen      total 55296K, used 51889K [0x00000000d6b00000, 0x00000000da900000, 0x0000000100000000)
  eden space 47104K, 100% used [0x00000000d6b00000,0x00000000d9900000,0x00000000d9900000)
  from space 8192K, 58% used [0x00000000da100000,0x00000000da5ac5d8,0x00000000da900000)
  to   space 8192K, 0% used [0x00000000d9900000,0x00000000d9900000,0x00000000da100000)
 ParOldGen       total 40448K, used 8034K [0x0000000084000000, 0x0000000086780000, 0x00000000d6b00000)
  object space 40448K, 19% used [0x0000000084000000,0x00000000847d8920,0x0000000086780000)
 Metaspace       used 26971K, capacity 28086K, committed 28288K, reserved 1073152K
  class space    used 3496K, capacity 3861K, committed 3968K, reserved 1048576K
Event: 18.726 GC heap after
Heap after GC invocations=12 (full 1):
 PSYoungGen      total 55296K, used 4195K [0x00000000d6b00000, 0x00000000dc300000, 0x0000000100000000)
  eden space 47104K, 0% used [0x00000000d6b00000,0x00000000d6b00000,0x00000000d9900000)
  from space 8192K, 51% used [0x00000000d9900000,0x00000000d9d18e08,0x00000000da100000)
  to   space 8192K, 0% used [0x00000000dbb00000,0x00000000dbb00000,0x00000000dc300000)
 ParOldGen       total 40448K, used 8810K [0x0000000084000000, 0x0000000086780000, 0x00000000d6b00000)
  object space 40448K, 21% used [0x0000000084000000,0x000000008489a920,0x0000000086780000)
 Metaspace       used 26971K, capacity 28086K, committed 28288K, reserved 1073152K
  class space    used 3496K, capacity 3861K, committed 3968K, reserved 1048576K
}
Event: 18.812 GC heap before
{Heap before GC invocations=13 (full 1):
 PSYoungGen      total 55296K, used 51299K [0x00000000d6b00000, 0x00000000dc300000, 0x0000000100000000)
  eden space 47104K, 100% used [0x00000000d6b00000,0x00000000d9900000,0x00000000d9900000)
  from space 8192K, 51% used [0x00000000d9900000,0x00000000d9d18e08,0x00000000da100000)
  to   space 8192K, 0% used [0x00000000dbb00000,0x00000000dbb00000,0x00000000dc300000)
 ParOldGen       total 40448K, used 8810K [0x0000000084000000, 0x0000000086780000, 0x00000000d6b00000)
  object space 40448K, 21% used [0x0000000084000000,0x000000008489a920,0x0000000086780000)
 Metaspace       used 26989K, capacity 28086K, committed 28288K, reserved 1073152K
  class space    used 3496K, capacity 3861K, committed 3968K, reserved 1048576K
Event: 18.820 GC heap after
Heap after GC invocations=13 (full 1):
 PSYoungGen      total 81408K, used 7387K [0x00000000d6b00000, 0x00000000dc480000, 0x0000000100000000)
  eden space 73216K, 0% used [0x00000000d6b00000,0x00000000d6b00000,0x00000000db280000)
  from space 8192K, 90% used [0x00000000dbb00000,0x00000000dc236fb8,0x00000000dc300000)
  to   space 8704K, 0% used [0x00000000db280000,0x00000000db280000,0x00000000dbb00000)
 ParOldGen       total 40448K, used 12618K [0x0000000084000000, 0x0000000086780000, 0x00000000d6b00000)
  object space 40448K, 31% used [0x0000000084000000,0x0000000084c52a50,0x0000000086780000)
 Metaspace       used 26989K, capacity 28086K, committed 28288K, reserved 1073152K
  class space    used 3496K, capacity 3861K, committed 3968K, reserved 1048576K
}
Event: 18.937 GC heap before
{Heap before GC invocations=14 (full 1):
 PSYoungGen      total 81408K, used 80603K [0x00000000d6b00000, 0x00000000dc480000, 0x0000000100000000)
  eden space 73216K, 100% used [0x00000000d6b00000,0x00000000db280000,0x00000000db280000)
  from space 8192K, 90% used [0x00000000dbb00000,0x00000000dc236fb8,0x00000000dc300000)
  to   space 8704K, 0% used [0x00000000db280000,0x00000000db280000,0x00000000dbb00000)
 ParOldGen       total 40448K, used 12618K [0x0000000084000000, 0x0000000086780000, 0x00000000d6b00000)
  object space 40448K, 31% used [0x0000000084000000,0x0000000084c52a50,0x0000000086780000)
 Metaspace       used 26989K, capacity 28086K, committed 28288K, reserved 1073152K
  class space    used 3496K, capacity 3861K, committed 3968K, reserved 1048576K
Event: 18.943 GC heap after
Heap after GC invocations=14 (full 1):
 PSYoungGen      total 81920K, used 832K [0x00000000d6b00000, 0x00000000ded80000, 0x0000000100000000)
  eden space 73216K, 0% used [0x00000000d6b00000,0x00000000d6b00000,0x00000000db280000)
  from space 8704K, 9% used [0x00000000db280000,0x00000000db350000,0x00000000dbb00000)
  to   space 9216K, 0% used [0x00000000de480000,0x00000000de480000,0x00000000ded80000)
 ParOldGen       total 40448K, used 19859K [0x0000000084000000, 0x0000000086780000, 0x00000000d6b00000)
  object space 40448K, 49% used [0x0000000084000000,0x0000000085364e28,0x0000000086780000)
 Metaspace       used 26989K, capacity 28086K, committed 28288K, reserved 1073152K
  class space    used 3496K, capacity 3861K, committed 3968K, reserved 1048576K
}
Event: 19.025 GC heap before
{Heap before GC invocations=15 (full 1):
 PSYoungGen      total 81920K, used 74048K [0x00000000d6b00000, 0x00000000ded80000, 0x0000000100000000)
  eden space 73216K, 100% used [0x00000000d6b00000,0x00000000db280000,0x00000000db280000)
  from space 8704K, 9% used [0x00000000db280000,0x00000000db350000,0x00000000dbb00000)
  to   space 9216K, 0% used [0x00000000de480000,0x00000000de480000,0x00000000ded80000)
 ParOldGen       total 40448K, used 19859K [0x0000000084000000, 0x0000000086780000, 0x00000000d6b00000)
  object space 40448K, 49% used [0x0000000084000000,0x0000000085364e28,0x0000000086780000)
 Metaspace       used 26999K, capacity 28086K, committed 28288K, reserved 1073152K
  class space    used 3497K, capacity 3861K, committed 3968K, reserved 1048576K
Event: 19.027 GC heap after
Heap after GC invocations=15 (full 1):
 PSYoungGen      total 123904K, used 832K [0x00000000d6b00000, 0x00000000dee00000, 0x0000000100000000)
  eden space 114688K, 0% used [0x00000000d6b00000,0x00000000d6b00000,0x00000000ddb00000)
  from space 9216K, 9% used [0x00000000de480000,0x00000000de550000,0x00000000ded80000)
  to   space 9728K, 0% used [0x00000000ddb00000,0x00000000ddb00000,0x00000000de480000)
 ParOldGen       total 40448K, used 20579K [0x0000000084000000, 0x0000000086780000, 0x00000000d6b00000)
  object space 40448K, 50% used [0x0000000084000000,0x0000000085418e28,0x0000000086780000)
 Metaspace       used 26999K, capacity 28086K, committed 28288K, reserved 1073152K
  class space    used 3497K, capacity 3861K, committed 3968K, reserved 1048576K
}

